KGAT: dataset=last-fm, lr=0.0001, regs=[1e-5,1e-5], node_dropout=[0.1], mess_dropout=[0.1]
[n_users, n_items]=[23566, 48123]
[n_train, n_test]=[1289003, 423635]
[n_entities, n_relations, n_triples]=[106389, 9, 464567]
[batch_size, batch_size_kg]=[10240, 3716]
	convert ratings into adj mat done.
	convert 20 relational triples into adj mat done. @0.5851s
	generate si-normalized adjacency matrix.
	reordering indices...
	reorganize all kg data done.
	sort meta-data done.
	sort all data done.
load the pretrained bprmf model parameters.
using pretrained initialization
#params: 8427280
without pretraining.
Epoch 0 [188.2s]: train==[664.01239=4.38894 + 659.52649 + 0.09766]
Epoch 9 [166.8s + 69.8s]: train==[66.21600=3.46222 + 61.99725 + 0.75655], recall=[0.07654, 0.15581], precision=[0.03149, 0.01610], hit=[0.31961, 0.55953], ndcg=[0.12241, 0.20278]
save the weights in path:  weights/last-fm/kgat_si_sum_bi_l3/64-32-16/l0.0001_r1e-05-1e-05
Epoch 19 [163.7s + 66.3s]: train==[23.41880=3.14833 + 19.10006 + 1.17036], recall=[0.07809, 0.15879], precision=[0.03198, 0.01639], hit=[0.32487, 0.56692], ndcg=[0.12432, 0.20585]
save the weights in path:  weights/last-fm/kgat_si_sum_bi_l3/64-32-16/l0.0001_r1e-05-1e-05
Epoch 29 [167.0s + 61.3s]: train==[14.51772=2.93224 + 10.24567 + 1.33982], recall=[0.07943, 0.16070], precision=[0.03250, 0.01655], hit=[0.32963, 0.57159], ndcg=[0.12534, 0.20718]
save the weights in path:  weights/last-fm/kgat_si_sum_bi_l3/64-32-16/l0.0001_r1e-05-1e-05
Epoch 39 [176.9s + 61.1s]: train==[11.13432=2.73161 + 7.00452 + 1.39820], recall=[0.08023, 0.16276], precision=[0.03277, 0.01676], hit=[0.33362, 0.57659], ndcg=[0.12640, 0.20911]
save the weights in path:  weights/last-fm/kgat_si_sum_bi_l3/64-32-16/l0.0001_r1e-05-1e-05
Epoch 49 [173.8s + 63.9s]: train==[9.44446=2.58681 + 5.46215 + 1.39550], recall=[0.08077, 0.16364], precision=[0.03296, 0.01684], hit=[0.33531, 0.57867], ndcg=[0.12691, 0.21001]
save the weights in path:  weights/last-fm/kgat_si_sum_bi_l3/64-32-16/l0.0001_r1e-05-1e-05
Epoch 50 [163.0s]: train==[9.26407=2.58819 + 5.28220 + 1.39369]
Epoch 59 [173.6s + 67.2s]: train==[8.28078=2.46882 + 4.44711 + 1.36483], recall=[0.08154, 0.16427], precision=[0.03318, 0.01689], hit=[0.33744, 0.58118], ndcg=[0.12775, 0.21084]
save the weights in path:  weights/last-fm/kgat_si_sum_bi_l3/64-32-16/l0.0001_r1e-05-1e-05
Epoch 69 [172.7s + 66.1s]: train==[7.57429=2.38200 + 3.87603 + 1.31626], recall=[0.08199, 0.16475], precision=[0.03337, 0.01695], hit=[0.33926, 0.58364], ndcg=[0.12835, 0.21184]
save the weights in path:  weights/last-fm/kgat_si_sum_bi_l3/64-32-16/l0.0001_r1e-05-1e-05
Epoch 79 [168.0s + 66.0s]: train==[7.01759=2.29535 + 3.45713 + 1.26510], recall=[0.08183, 0.16561], precision=[0.03335, 0.01703], hit=[0.34041, 0.58635], ndcg=[0.12816, 0.21237]
Epoch 89 [165.3s + 65.4s]: train==[6.64675=2.23908 + 3.19534 + 1.21234], recall=[0.08197, 0.16605], precision=[0.03347, 0.01706], hit=[0.34274, 0.58737], ndcg=[0.12883, 0.21314]
Epoch 99 [171.8s + 61.7s]: train==[6.20914=2.18072 + 2.86432 + 1.16411], recall=[0.08206, 0.16593], precision=[0.03348, 0.01706], hit=[0.34244, 0.58852], ndcg=[0.12878, 0.21329]
save the weights in path:  weights/last-fm/kgat_si_sum_bi_l3/64-32-16/l0.0001_r1e-05-1e-05
Epoch 100 [168.1s]: train==[6.15568=2.15551 + 2.83974 + 1.16043]
Epoch 109 [170.0s + 65.4s]: train==[5.96471=2.10354 + 2.73890 + 1.12226], recall=[0.08232, 0.16634], precision=[0.03365, 0.01710], hit=[0.34520, 0.58881], ndcg=[0.12904, 0.21351]
save the weights in path:  weights/last-fm/kgat_si_sum_bi_l3/64-32-16/l0.0001_r1e-05-1e-05
Epoch 119 [176.0s + 66.5s]: train==[5.64812=2.04247 + 2.52212 + 1.08354], recall=[0.08245, 0.16700], precision=[0.03364, 0.01714], hit=[0.34490, 0.59068], ndcg=[0.12919, 0.21403]
save the weights in path:  weights/last-fm/kgat_si_sum_bi_l3/64-32-16/l0.0001_r1e-05-1e-05
Epoch 129 [173.6s + 66.4s]: train==[5.44908=2.00074 + 2.39748 + 1.05086], recall=[0.08269, 0.16740], precision=[0.03366, 0.01717], hit=[0.34622, 0.59089], ndcg=[0.12923, 0.21412]
save the weights in path:  weights/last-fm/kgat_si_sum_bi_l3/64-32-16/l0.0001_r1e-05-1e-05
Epoch 139 [173.0s + 65.3s]: train==[5.33938=1.96699 + 2.35122 + 1.02117], recall=[0.08286, 0.16743], precision=[0.03371, 0.01717], hit=[0.34656, 0.59238], ndcg=[0.12942, 0.21443]
save the weights in path:  weights/last-fm/kgat_si_sum_bi_l3/64-32-16/l0.0001_r1e-05-1e-05
Epoch 149 [164.8s + 65.0s]: train==[5.13725=1.92555 + 2.21735 + 0.99434], recall=[0.08316, 0.16822], precision=[0.03386, 0.01725], hit=[0.34817, 0.59433], ndcg=[0.12990, 0.21525]
save the weights in path:  weights/last-fm/kgat_si_sum_bi_l3/64-32-16/l0.0001_r1e-05-1e-05
Epoch 150 [172.8s]: train==[5.07916=1.90781 + 2.17957 + 0.99177]
Epoch 159 [156.7s + 65.5s]: train==[4.95714=1.89190 + 2.09346 + 0.97177], recall=[0.08319, 0.16826], precision=[0.03379, 0.01726], hit=[0.34817, 0.59412], ndcg=[0.12978, 0.21517]
save the weights in path:  weights/last-fm/kgat_si_sum_bi_l3/64-32-16/l0.0001_r1e-05-1e-05
Epoch 169 [156.2s + 66.9s]: train==[4.84758=1.82719 + 2.06821 + 0.95219], recall=[0.08348, 0.16821], precision=[0.03382, 0.01726], hit=[0.34860, 0.59391], ndcg=[0.13023, 0.21543]
save the weights in path:  weights/last-fm/kgat_si_sum_bi_l3/64-32-16/l0.0001_r1e-05-1e-05
Epoch 179 [162.9s + 65.5s]: train==[4.67352=1.81362 + 1.92522 + 0.93469], recall=[0.08365, 0.16832], precision=[0.03387, 0.01727], hit=[0.34919, 0.59484], ndcg=[0.13042, 0.21568]
save the weights in path:  weights/last-fm/kgat_si_sum_bi_l3/64-32-16/l0.0001_r1e-05-1e-05
Epoch 189 [159.1s + 67.5s]: train==[4.55364=1.78274 + 1.85215 + 0.91875], recall=[0.08358, 0.16848], precision=[0.03386, 0.01729], hit=[0.35038, 0.59501], ndcg=[0.13050, 0.21586]
Epoch 199 [156.3s + 63.5s]: train==[4.46455=1.75108 + 1.80978 + 0.90369], recall=[0.08385, 0.16839], precision=[0.03385, 0.01727], hit=[0.34957, 0.59403], ndcg=[0.13075, 0.21600]
save the weights in path:  weights/last-fm/kgat_si_sum_bi_l3/64-32-16/l0.0001_r1e-05-1e-05
Epoch 200 [158.8s]: train==[4.54366=1.74649 + 1.89441 + 0.90276]
Epoch 209 [154.1s + 66.1s]: train==[4.43124=1.71065 + 1.83091 + 0.88969], recall=[0.08397, 0.16887], precision=[0.03387, 0.01730], hit=[0.35127, 0.59590], ndcg=[0.13065, 0.21617]
save the weights in path:  weights/last-fm/kgat_si_sum_bi_l3/64-32-16/l0.0001_r1e-05-1e-05
Epoch 219 [157.7s + 68.9s]: train==[4.31313=1.67352 + 1.76209 + 0.87752], recall=[0.08433, 0.16896], precision=[0.03396, 0.01733], hit=[0.35089, 0.59577], ndcg=[0.13122, 0.21652]
save the weights in path:  weights/last-fm/kgat_si_sum_bi_l3/64-32-16/l0.0001_r1e-05-1e-05
Epoch 229 [153.0s + 69.9s]: train==[4.25729=1.66376 + 1.72738 + 0.86615], recall=[0.08441, 0.16915], precision=[0.03404, 0.01731], hit=[0.35169, 0.59705], ndcg=[0.13123, 0.21667]
save the weights in path:  weights/last-fm/kgat_si_sum_bi_l3/64-32-16/l0.0001_r1e-05-1e-05
Epoch 239 [158.7s + 68.9s]: train==[4.13853=1.63908 + 1.64285 + 0.85659], recall=[0.08445, 0.16913], precision=[0.03393, 0.01731], hit=[0.35072, 0.59709], ndcg=[0.13135, 0.21703]
save the weights in path:  weights/last-fm/kgat_si_sum_bi_l3/64-32-16/l0.0001_r1e-05-1e-05
Epoch 249 [157.0s + 70.9s]: train==[4.08749=1.60326 + 1.63949 + 0.84474], recall=[0.08476, 0.16949], precision=[0.03416, 0.01733], hit=[0.35292, 0.59649], ndcg=[0.13177, 0.21689]
save the weights in path:  weights/last-fm/kgat_si_sum_bi_l3/64-32-16/l0.0001_r1e-05-1e-05
Epoch 250 [162.6s]: train==[4.07844=1.59561 + 1.63817 + 0.84467]
Epoch 259 [158.3s + 65.4s]: train==[4.01356=1.58961 + 1.58727 + 0.83667], recall=[0.08483, 0.16973], precision=[0.03414, 0.01735], hit=[0.35229, 0.59807], ndcg=[0.13181, 0.21741]
save the weights in path:  weights/last-fm/kgat_si_sum_bi_l3/64-32-16/l0.0001_r1e-05-1e-05
Epoch 269 [158.9s + 69.4s]: train==[3.96621=1.57028 + 1.56889 + 0.82704], recall=[0.08496, 0.16981], precision=[0.03421, 0.01736], hit=[0.35271, 0.59870], ndcg=[0.13206, 0.21761]
save the weights in path:  weights/last-fm/kgat_si_sum_bi_l3/64-32-16/l0.0001_r1e-05-1e-05
Epoch 279 [156.1s + 68.8s]: train==[3.91088=1.52558 + 1.56734 + 0.81796], recall=[0.08485, 0.16972], precision=[0.03418, 0.01734], hit=[0.35322, 0.59781], ndcg=[0.13232, 0.21763]
Epoch 289 [158.3s + 70.8s]: train==[3.84969=1.52162 + 1.51737 + 0.81069], recall=[0.08516, 0.16965], precision=[0.03431, 0.01734], hit=[0.35403, 0.59645], ndcg=[0.13233, 0.21738]
save the weights in path:  weights/last-fm/kgat_si_sum_bi_l3/64-32-16/l0.0001_r1e-05-1e-05
Epoch 299 [160.6s + 70.2s]: train==[3.81443=1.50773 + 1.50326 + 0.80343], recall=[0.08516, 0.16986], precision=[0.03425, 0.01736], hit=[0.35398, 0.59840], ndcg=[0.13227, 0.21772]
Epoch 300 [161.2s]: train==[3.78860=1.48962 + 1.49702 + 0.80196]
Epoch 309 [146.5s + 61.2s]: train==[3.75120=1.48055 + 1.47575 + 0.79490], recall=[0.08532, 0.16992], precision=[0.03427, 0.01735], hit=[0.35394, 0.59802], ndcg=[0.13243, 0.21773]
save the weights in path:  weights/last-fm/kgat_si_sum_bi_l3/64-32-16/l0.0001_r1e-05-1e-05
Epoch 319 [148.3s + 60.3s]: train==[3.72214=1.46067 + 1.47324 + 0.78823], recall=[0.08537, 0.17006], precision=[0.03431, 0.01736], hit=[0.35445, 0.59790], ndcg=[0.13245, 0.21761]
save the weights in path:  weights/last-fm/kgat_si_sum_bi_l3/64-32-16/l0.0001_r1e-05-1e-05
Epoch 329 [146.0s + 60.5s]: train==[3.65371=1.46427 + 1.40866 + 0.78079], recall=[0.08540, 0.16993], precision=[0.03436, 0.01736], hit=[0.35424, 0.59768], ndcg=[0.13240, 0.21757]
save the weights in path:  weights/last-fm/kgat_si_sum_bi_l3/64-32-16/l0.0001_r1e-05-1e-05
Epoch 339 [152.2s + 61.4s]: train==[3.61440=1.42486 + 1.41396 + 0.77557], recall=[0.08564, 0.17003], precision=[0.03437, 0.01737], hit=[0.35500, 0.59794], ndcg=[0.13278, 0.21796]
save the weights in path:  weights/last-fm/kgat_si_sum_bi_l3/64-32-16/l0.0001_r1e-05-1e-05
Epoch 349 [155.1s + 59.9s]: train==[3.52034=1.40886 + 1.34221 + 0.76927], recall=[0.08540, 0.16982], precision=[0.03432, 0.01737], hit=[0.35411, 0.59870], ndcg=[0.13273, 0.21818]
Epoch 350 [152.6s]: train==[3.57390=1.41089 + 1.39397 + 0.76904]
Epoch 359 [143.9s + 59.6s]: train==[3.51961=1.38635 + 1.36997 + 0.76329], recall=[0.08589, 0.17023], precision=[0.03455, 0.01741], hit=[0.35674, 0.59896], ndcg=[0.13317, 0.21826]
save the weights in path:  weights/last-fm/kgat_si_sum_bi_l3/64-32-16/l0.0001_r1e-05-1e-05
Epoch 369 [145.4s + 61.9s]: train==[3.51951=1.37877 + 1.38229 + 0.75844], recall=[0.08613, 0.17040], precision=[0.03453, 0.01741], hit=[0.35640, 0.60010], ndcg=[0.13325, 0.21856]
save the weights in path:  weights/last-fm/kgat_si_sum_bi_l3/64-32-16/l0.0001_r1e-05-1e-05
Epoch 379 [147.6s + 62.1s]: train==[3.44406=1.35734 + 1.33364 + 0.75308], recall=[0.08579, 0.17000], precision=[0.03444, 0.01739], hit=[0.35568, 0.59964], ndcg=[0.13296, 0.21835]
Epoch 389 [151.8s + 60.5s]: train==[3.44707=1.34014 + 1.35879 + 0.74815], recall=[0.08571, 0.17046], precision=[0.03445, 0.01741], hit=[0.35695, 0.60002], ndcg=[0.13331, 0.21872]
Epoch 399 [148.6s + 60.6s]: train==[3.37786=1.32854 + 1.30637 + 0.74295], recall=[0.08609, 0.17030], precision=[0.03453, 0.01742], hit=[0.35683, 0.59964], ndcg=[0.13342, 0.21854]
Epoch 400 [155.4s]: train==[3.38271=1.32765 + 1.31123 + 0.74383]
Epoch 409 [146.2s + 59.4s]: train==[3.38524=1.30675 + 1.33849 + 0.74000], recall=[0.08631, 0.17037], precision=[0.03459, 0.01741], hit=[0.35780, 0.59938], ndcg=[0.13357, 0.21868]
save the weights in path:  weights/last-fm/kgat_si_sum_bi_l3/64-32-16/l0.0001_r1e-05-1e-05
Epoch 419 [148.4s + 59.7s]: train==[3.39199=1.29365 + 1.36319 + 0.73515], recall=[0.08623, 0.17050], precision=[0.03451, 0.01739], hit=[0.35721, 0.60002], ndcg=[0.13365, 0.21883]
Epoch 429 [147.0s + 60.2s]: train==[3.35111=1.28164 + 1.33970 + 0.72976], recall=[0.08633, 0.17045], precision=[0.03460, 0.01743], hit=[0.35721, 0.59930], ndcg=[0.13388, 0.21907]
save the weights in path:  weights/last-fm/kgat_si_sum_bi_l3/64-32-16/l0.0001_r1e-05-1e-05
Epoch 439 [142.5s + 60.3s]: train==[3.29675=1.25457 + 1.31481 + 0.72737], recall=[0.08619, 0.17055], precision=[0.03456, 0.01743], hit=[0.35555, 0.59896], ndcg=[0.13372, 0.21899]
Epoch 449 [161.8s + 64.7s]: train==[3.30481=1.26479 + 1.31724 + 0.72278], recall=[0.08633, 0.17060], precision=[0.03466, 0.01744], hit=[0.35700, 0.59993], ndcg=[0.13417, 0.21934]
save the weights in path:  weights/last-fm/kgat_si_sum_bi_l3/64-32-16/l0.0001_r1e-05-1e-05
Epoch 450 [154.6s]: train==[3.26251=1.25400 + 1.28567 + 0.72285]
Epoch 459 [158.9s + 64.9s]: train==[3.27338=1.25441 + 1.30031 + 0.71866], recall=[0.08634, 0.17051], precision=[0.03457, 0.01743], hit=[0.35776, 0.60006], ndcg=[0.13417, 0.21932]
save the weights in path:  weights/last-fm/kgat_si_sum_bi_l3/64-32-16/l0.0001_r1e-05-1e-05
Epoch 469 [159.5s + 66.9s]: train==[3.17859=1.23099 + 1.23189 + 0.71571], recall=[0.08634, 0.17031], precision=[0.03457, 0.01739], hit=[0.35530, 0.60040], ndcg=[0.13407, 0.21922]
Epoch 479 [154.9s + 64.9s]: train==[3.15477=1.20876 + 1.23275 + 0.71326], recall=[0.08683, 0.17044], precision=[0.03473, 0.01738], hit=[0.35776, 0.60014], ndcg=[0.13464, 0.21949]
save the weights in path:  weights/last-fm/kgat_si_sum_bi_l3/64-32-16/l0.0001_r1e-05-1e-05
Epoch 489 [160.7s + 65.5s]: train==[3.17167=1.20161 + 1.26032 + 0.70974], recall=[0.08682, 0.17047], precision=[0.03470, 0.01739], hit=[0.35793, 0.60023], ndcg=[0.13452, 0.21940]
Epoch 499 [161.8s + 63.4s]: train==[3.13115=1.18703 + 1.23716 + 0.70696], recall=[0.08671, 0.17059], precision=[0.03461, 0.01740], hit=[0.35785, 0.60036], ndcg=[0.13437, 0.21942]
Epoch 500 [158.9s]: train==[3.15058=1.18555 + 1.25890 + 0.70613]
Epoch 509 [156.8s + 65.6s]: train==[3.07111=1.17408 + 1.19305 + 0.70397], recall=[0.08669, 0.17062], precision=[0.03465, 0.01740], hit=[0.35700, 0.60006], ndcg=[0.13418, 0.21933]
Epoch 519 [151.5s + 67.4s]: train==[3.10753=1.15926 + 1.24597 + 0.70230], recall=[0.08705, 0.17076], precision=[0.03475, 0.01741], hit=[0.35729, 0.59964], ndcg=[0.13442, 0.21936]
save the weights in path:  weights/last-fm/kgat_si_sum_bi_l3/64-32-16/l0.0001_r1e-05-1e-05
Epoch 529 [159.6s + 63.9s]: train==[3.08332=1.15814 + 1.22580 + 0.69938], recall=[0.08688, 0.17064], precision=[0.03476, 0.01740], hit=[0.35751, 0.60010], ndcg=[0.13464, 0.21954]
Epoch 539 [159.0s + 66.3s]: train==[3.07888=1.14219 + 1.23894 + 0.69774], recall=[0.08686, 0.17065], precision=[0.03472, 0.01741], hit=[0.35721, 0.59900], ndcg=[0.13457, 0.21946]
Epoch 549 [160.8s + 73.7s]: train==[3.07666=1.14303 + 1.23956 + 0.69407], recall=[0.08685, 0.17054], precision=[0.03469, 0.01739], hit=[0.35695, 0.59972], ndcg=[0.13448, 0.21934]
Epoch 550 [164.7s]: train==[3.02413=1.12812 + 1.20207 + 0.69395]
Epoch 559 [151.9s + 68.7s]: train==[3.04426=1.11982 + 1.23267 + 0.69176], recall=[0.08698, 0.17059], precision=[0.03473, 0.01738], hit=[0.35708, 0.59947], ndcg=[0.13460, 0.21941]
Epoch 569 [157.9s + 67.4s]: train==[3.01938=1.12056 + 1.20807 + 0.69074], recall=[0.08708, 0.17074], precision=[0.03483, 0.01739], hit=[0.35683, 0.60116], ndcg=[0.13483, 0.21988]
save the weights in path:  weights/last-fm/kgat_si_sum_bi_l3/64-32-16/l0.0001_r1e-05-1e-05
Epoch 579 [160.3s + 68.6s]: train==[2.98058=1.10316 + 1.18966 + 0.68776], recall=[0.08689, 0.17086], precision=[0.03473, 0.01739], hit=[0.35666, 0.60125], ndcg=[0.13463, 0.21984]
Epoch 589 [162.5s + 64.5s]: train==[2.96537=1.08851 + 1.19148 + 0.68538], recall=[0.08700, 0.17065], precision=[0.03474, 0.01740], hit=[0.35674, 0.60074], ndcg=[0.13462, 0.21984]
Epoch 599 [160.1s + 60.5s]: train==[2.91824=1.08248 + 1.15144 + 0.68433], recall=[0.08668, 0.17075], precision=[0.03463, 0.01738], hit=[0.35615, 0.59985], ndcg=[0.13433, 0.21954]
Epoch 600 [159.7s]: train==[2.92845=1.06236 + 1.18190 + 0.68419]
Epoch 609 [164.1s + 63.5s]: train==[2.93709=1.06167 + 1.19302 + 0.68241], recall=[0.08686, 0.17061], precision=[0.03473, 0.01738], hit=[0.35725, 0.60023], ndcg=[0.13472, 0.21976]
Epoch 619 [162.8s + 61.0s]: train==[2.90355=1.06174 + 1.16193 + 0.67988], recall=[0.08687, 0.17089], precision=[0.03468, 0.01742], hit=[0.35725, 0.59972], ndcg=[0.13479, 0.21989]
Epoch 629 [165.3s + 62.8s]: train==[2.90219=1.04491 + 1.17849 + 0.67879], recall=[0.08690, 0.17064], precision=[0.03476, 0.01740], hit=[0.35704, 0.60036], ndcg=[0.13516, 0.22015]
Epoch 639 [161.8s + 63.4s]: train==[2.87138=1.03996 + 1.15341 + 0.67800], recall=[0.08672, 0.17072], precision=[0.03463, 0.01742], hit=[0.35717, 0.60061], ndcg=[0.13470, 0.22002]
Epoch 649 [161.6s + 64.1s]: train==[2.90080=1.03956 + 1.18567 + 0.67556], recall=[0.08700, 0.17079], precision=[0.03472, 0.01741], hit=[0.35852, 0.60014], ndcg=[0.13474, 0.21978]
Epoch 650 [160.2s]: train==[2.86167=1.03281 + 1.15302 + 0.67585]
Epoch 659 [161.1s + 66.8s]: train==[2.87660=1.03488 + 1.16685 + 0.67487], recall=[0.08689, 0.17080], precision=[0.03462, 0.01740], hit=[0.35611, 0.60027], ndcg=[0.13461, 0.22000]
Epoch 669 [159.5s + 64.5s]: train==[2.81888=1.01897 + 1.12662 + 0.67329], recall=[0.08714, 0.17056], precision=[0.03466, 0.01737], hit=[0.35823, 0.60014], ndcg=[0.13494, 0.21997]
save the weights in path:  weights/last-fm/kgat_si_sum_bi_l3/64-32-16/l0.0001_r1e-05-1e-05
Epoch 679 [154.5s + 64.5s]: train==[2.83480=1.00018 + 1.16262 + 0.67200], recall=[0.08740, 0.17047], precision=[0.03481, 0.01736], hit=[0.35814, 0.59815], ndcg=[0.13510, 0.21964]
save the weights in path:  weights/last-fm/kgat_si_sum_bi_l3/64-32-16/l0.0001_r1e-05-1e-05
Epoch 689 [157.2s + 63.9s]: train==[2.84952=1.00844 + 1.17054 + 0.67055], recall=[0.08728, 0.17085], precision=[0.03474, 0.01742], hit=[0.35814, 0.59896], ndcg=[0.13489, 0.21988]
Epoch 699 [156.6s + 64.5s]: train==[2.82115=0.98906 + 1.16253 + 0.66956], recall=[0.08707, 0.17051], precision=[0.03472, 0.01735], hit=[0.35768, 0.59879], ndcg=[0.13496, 0.21984]
Epoch 700 [156.0s]: train==[2.75974=0.98068 + 1.10976 + 0.66930]
Epoch 709 [160.2s + 65.6s]: train==[2.79292=0.98793 + 1.13684 + 0.66815], recall=[0.08707, 0.17055], precision=[0.03483, 0.01738], hit=[0.35746, 0.59904], ndcg=[0.13525, 0.22003]
Epoch 719 [160.6s + 63.5s]: train==[2.77801=0.98442 + 1.12718 + 0.66641], recall=[0.08738, 0.17029], precision=[0.03491, 0.01737], hit=[0.35886, 0.59811], ndcg=[0.13548, 0.21996]
Epoch 729 [157.7s + 62.5s]: train==[2.81908=0.97286 + 1.18082 + 0.66540], recall=[0.08727, 0.17050], precision=[0.03483, 0.01737], hit=[0.35751, 0.60010], ndcg=[0.13527, 0.22023]
Epoch 739 [159.2s + 64.7s]: train==[2.76698=0.96486 + 1.13781 + 0.66432], recall=[0.08715, 0.17041], precision=[0.03477, 0.01736], hit=[0.35717, 0.59913], ndcg=[0.13514, 0.21997]
Epoch 749 [160.1s + 65.4s]: train==[2.74526=0.96789 + 1.11492 + 0.66244], recall=[0.08727, 0.17047], precision=[0.03481, 0.01737], hit=[0.35789, 0.59934], ndcg=[0.13525, 0.22013]
Epoch 750 [161.2s]: train==[2.78468=0.95108 + 1.17138 + 0.66222]
Epoch 759 [158.5s + 66.1s]: train==[2.73083=0.94848 + 1.12040 + 0.66194], recall=[0.08749, 0.17041], precision=[0.03487, 0.01736], hit=[0.35831, 0.59879], ndcg=[0.13580, 0.22036]
save the weights in path:  weights/last-fm/kgat_si_sum_bi_l3/64-32-16/l0.0001_r1e-05-1e-05
Epoch 769 [165.0s + 65.6s]: train==[2.73607=0.93486 + 1.14058 + 0.66063], recall=[0.08761, 0.17086], precision=[0.03497, 0.01738], hit=[0.35865, 0.59913], ndcg=[0.13603, 0.22049]
save the weights in path:  weights/last-fm/kgat_si_sum_bi_l3/64-32-16/l0.0001_r1e-05-1e-05
Epoch 779 [169.3s + 62.7s]: train==[2.72627=0.93910 + 1.12726 + 0.65990], recall=[0.08746, 0.17089], precision=[0.03485, 0.01739], hit=[0.35819, 0.59968], ndcg=[0.13582, 0.22060]
Epoch 789 [165.6s + 64.0s]: train==[2.65418=0.94326 + 1.05162 + 0.65930], recall=[0.08766, 0.17078], precision=[0.03485, 0.01741], hit=[0.35882, 0.59972], ndcg=[0.13567, 0.22036]
save the weights in path:  weights/last-fm/kgat_si_sum_bi_l3/64-32-16/l0.0001_r1e-05-1e-05
Epoch 799 [166.7s + 65.1s]: train==[2.66927=0.93288 + 1.07777 + 0.65863], recall=[0.08765, 0.17079], precision=[0.03497, 0.01739], hit=[0.35912, 0.59951], ndcg=[0.13591, 0.22046]
Epoch 800 [168.7s]: train==[2.76055=0.93441 + 1.16802 + 0.65813]
Epoch 809 [160.2s + 65.1s]: train==[2.64894=0.90484 + 1.08683 + 0.65727], recall=[0.08733, 0.17070], precision=[0.03490, 0.01735], hit=[0.35759, 0.59980], ndcg=[0.13599, 0.22063]
Epoch 819 [154.8s + 64.8s]: train==[2.67017=0.91412 + 1.09892 + 0.65713], recall=[0.08756, 0.17059], precision=[0.03493, 0.01737], hit=[0.35942, 0.60023], ndcg=[0.13612, 0.22078]
Epoch 829 [160.1s + 65.4s]: train==[2.70450=0.91575 + 1.13281 + 0.65593], recall=[0.08789, 0.17071], precision=[0.03503, 0.01739], hit=[0.35954, 0.59942], ndcg=[0.13626, 0.22076]
save the weights in path:  weights/last-fm/kgat_si_sum_bi_l3/64-32-16/l0.0001_r1e-05-1e-05
Epoch 839 [155.4s + 66.0s]: train==[2.61848=0.88843 + 1.07554 + 0.65450], recall=[0.08787, 0.17067], precision=[0.03504, 0.01741], hit=[0.35852, 0.59989], ndcg=[0.13592, 0.22057]
Epoch 849 [156.5s + 66.2s]: train==[2.65975=0.90980 + 1.09624 + 0.65371], recall=[0.08764, 0.17076], precision=[0.03500, 0.01742], hit=[0.35755, 0.60006], ndcg=[0.13582, 0.22071]
Epoch 850 [152.0s]: train==[2.63810=0.90157 + 1.08286 + 0.65366]
Epoch 859 [154.5s + 66.3s]: train==[2.65962=0.90618 + 1.10018 + 0.65327], recall=[0.08767, 0.17086], precision=[0.03500, 0.01740], hit=[0.35759, 0.60023], ndcg=[0.13578, 0.22071]
Epoch 869 [168.1s + 66.3s]: train==[2.67934=0.88949 + 1.13779 + 0.65206], recall=[0.08751, 0.17065], precision=[0.03483, 0.01735], hit=[0.35649, 0.59874], ndcg=[0.13549, 0.22039]
Epoch 879 [156.6s + 66.8s]: train==[2.62436=0.88609 + 1.08637 + 0.65190], recall=[0.08778, 0.17061], precision=[0.03495, 0.01739], hit=[0.35819, 0.59908], ndcg=[0.13594, 0.22060]
Epoch 889 [157.5s + 67.2s]: train==[2.66803=0.87561 + 1.14223 + 0.65020], recall=[0.08796, 0.17074], precision=[0.03503, 0.01741], hit=[0.35886, 0.59993], ndcg=[0.13607, 0.22079]
save the weights in path:  weights/last-fm/kgat_si_sum_bi_l3/64-32-16/l0.0001_r1e-05-1e-05
Epoch 899 [153.8s + 66.2s]: train==[2.59704=0.85811 + 1.08907 + 0.64985], recall=[0.08781, 0.17080], precision=[0.03503, 0.01740], hit=[0.35844, 0.59921], ndcg=[0.13626, 0.22087]
Epoch 900 [152.9s]: train==[2.58376=0.87226 + 1.06169 + 0.64981]
Epoch 909 [158.4s + 66.1s]: train==[2.58358=0.86243 + 1.07211 + 0.64904], recall=[0.08802, 0.17083], precision=[0.03515, 0.01742], hit=[0.35925, 0.59938], ndcg=[0.13611, 0.22069]
save the weights in path:  weights/last-fm/kgat_si_sum_bi_l3/64-32-16/l0.0001_r1e-05-1e-05
Epoch 919 [158.7s + 67.1s]: train==[2.63597=0.86350 + 1.12396 + 0.64851], recall=[0.08794, 0.17079], precision=[0.03520, 0.01740], hit=[0.36035, 0.59917], ndcg=[0.13654, 0.22079]
Epoch 929 [158.7s + 67.1s]: train==[2.58420=0.86868 + 1.06812 + 0.64741], recall=[0.08805, 0.17079], precision=[0.03516, 0.01740], hit=[0.36005, 0.59883], ndcg=[0.13635, 0.22075]
save the weights in path:  weights/last-fm/kgat_si_sum_bi_l3/64-32-16/l0.0001_r1e-05-1e-05
Epoch 939 [160.8s + 63.7s]: train==[2.59650=0.85760 + 1.09292 + 0.64598], recall=[0.08813, 0.17096], precision=[0.03521, 0.01740], hit=[0.36035, 0.59968], ndcg=[0.13636, 0.22076]
save the weights in path:  weights/last-fm/kgat_si_sum_bi_l3/64-32-16/l0.0001_r1e-05-1e-05
Epoch 949 [160.4s + 67.2s]: train==[2.53076=0.83874 + 1.04639 + 0.64563], recall=[0.08768, 0.17085], precision=[0.03500, 0.01739], hit=[0.35878, 0.59930], ndcg=[0.13618, 0.22091]
Epoch 950 [157.5s]: train==[2.58424=0.84746 + 1.09098 + 0.64579]
Epoch 959 [160.7s + 65.7s]: train==[2.56659=0.84082 + 1.08000 + 0.64577], recall=[0.08820, 0.17082], precision=[0.03521, 0.01741], hit=[0.36111, 0.59930], ndcg=[0.13660, 0.22085]
save the weights in path:  weights/last-fm/kgat_si_sum_bi_l3/64-32-16/l0.0001_r1e-05-1e-05
Epoch 969 [152.0s + 64.8s]: train==[2.52839=0.83613 + 1.04824 + 0.64403], recall=[0.08794, 0.17087], precision=[0.03504, 0.01740], hit=[0.35908, 0.59938], ndcg=[0.13630, 0.22094]
Epoch 979 [153.0s + 63.3s]: train==[2.55683=0.83239 + 1.08112 + 0.64332], recall=[0.08796, 0.17077], precision=[0.03514, 0.01738], hit=[0.36048, 0.59811], ndcg=[0.13638, 0.22063]
Epoch 989 [151.3s + 62.3s]: train==[2.48863=0.82614 + 1.01973 + 0.64277], recall=[0.08795, 0.17064], precision=[0.03519, 0.01739], hit=[0.36010, 0.59904], ndcg=[0.13634, 0.22059]
Epoch 999 [151.4s + 61.2s]: train==[2.54815=0.81808 + 1.08774 + 0.64233], recall=[0.08814, 0.17066], precision=[0.03511, 0.01738], hit=[0.35912, 0.59891], ndcg=[0.13615, 0.22059]
Best Iter=[95]@[166677.6]	recall=[0.08820	0.12068	0.14174	0.15773	0.17082], precision=[0.03521	0.02661	0.02217	0.01939	0.01741], hit=[0.36111	0.46397	0.52597	0.56730	0.59930], ndcg=[0.13660	0.16881	0.19020	0.20689	0.22085]
